<?xml version="1.0" encoding="UTF-8"?>
<testsuite xmlns:xsi="http://www.w3.org/2001/XMLSchema-instance" xsi:noNamespaceSchemaLocation="https://maven.apache.org/surefire/maven-surefire-plugin/xsd/surefire-test-report.xsd" name="accuWeatherTestHW3.AccuWeatherTest" time="19.274" tests="9" errors="0" skipped="0" failures="4">
  <properties>
[...]
</properties>
  <testcase name="t1DayOfDailyForecastsTest" classname="accuWeatherTestHW3.AccuWeatherTest" time="7.872">
    <failure message="1 expectation failed.&#10;Expected response time was not a value less than &lt;2000L&gt; milliseconds, was 4556 milliseconds (4556 milliseconds)." type="java.lang.AssertionError"><![CDATA[java.lang.AssertionError: 
1 expectation failed.
Expected response time was not a value less than <2000L> milliseconds, was 4556 milliseconds (4556 milliseconds).
	at accuWeatherTestHW3.AccuWeatherTest.t1DayOfDailyForecastsTest(AccuWeatherTest.java:59)
]]></failure>
    <system-out><![CDATA[Request method:	GET
Request URI:	http://dataservice.accuweather.com/forecasts/v1/daily/1day/155?apikey=swuAQllY2XEaG1Q9bp9OTLjboOz0GXbR
Proxy:			<none>
Request params:	<none>
Query params:	<none>
Form params:	<none>
Path params:	<none>
Headers:		Accept=*/*
Cookies:		<none>
Multiparts:		<none>
Body:			<none>

HTTP/1.1 200 OK
Date: Mon, 30 Oct 2023 11:51:18 GMT
Content-Type: application/json; charset=utf-8
Transfer-Encoding: chunked
Connection: keep-alive
Content-Encoding: gzip
Vary: Accept-Encoding
Request-Context: appId=cid-v1:ea11c69b-764f-4610-b1e2-0faa867e8fb2
RateLimit-Limit: 50
RateLimit-Remaining: 42
am: true
Access-Control-Allow-Origin: *
Access-Control-Allow-Credentials: true
Access-Control-Allow-Methods: GET, PUT, POST, DELETE
Access-Control-Allow-Headers: origin, x-requested-with, accept
Access-Control-Max-Age: 3628800
Cache-Control: public, max-age=939
Expires: Mon, 30 Oct 2023 12:06:57 GMT
Akamai-GRN: 0.049eca17.1698666678.646a0427
Accept: */*
Accept-Encoding: gzip
Accept-Encoding: deflate
Host: api.accuweather.com
User-Agent: Apache-HttpClient/4.5.13 (Java/19.0.2)
X-Forwarded-For: 78.81.160.250
X-Forwarded-Port: 80
X-Forwarded-Proto: http

{
    "Headline": {
        "EffectiveDate": "2023-10-31T19:00:00+01:00",
        "EffectiveEpochDate": 1698775200,
        "Severity": 2,
        "Text": "High winds, with gusts past 50 mph, from Tuesday evening into Saturday evening",
        "Category": "wind",
        "EndDate": "2023-11-05T01:00:00+01:00",
        "EndEpochDate": 1699142400,
        "MobileLink": "http://www.accuweather.com/en/fr/barfleur/155/daily-weather-forecast/155?lang=en-us",
        "Link": "http://www.accuweather.com/en/fr/barfleur/155/daily-weather-forecast/155?lang=en-us"
    },
    "DailyForecasts": [
        {
            "Date": "2023-10-30T07:00:00+01:00",
            "EpochDate": 1698645600,
            "Temperature": {
                "Minimum": {
                    "Value": 50.0,
                    "Unit": "F",
                    "UnitType": 18
                },
                "Maximum": {
                    "Value": 56.0,
                    "Unit": "F",
                    "UnitType": 18
                }
            },
            "Day": {
                "Icon": 12,
                "IconPhrase": "Showers",
                "HasPrecipitation": true,
                "PrecipitationType": "Rain",
                "PrecipitationIntensity": "Light"
            },
            "Night": {
                "Icon": 39,
                "IconPhrase": "Partly cloudy w/ showers",
                "HasPrecipitation": true,
                "PrecipitationType": "Rain",
                "PrecipitationIntensity": "Light"
            },
            "Sources": [
                "AccuWeather"
            ],
            "MobileLink": "http://www.accuweather.com/en/fr/barfleur/155/daily-weather-forecast/155?day=1&lang=en-us",
            "Link": "http://www.accuweather.com/en/fr/barfleur/155/daily-weather-forecast/155?day=1&lang=en-us"
        }
    ]
}
]]></system-out>
  </testcase>
  <testcase name="tTopCitiesListStatucCodeTest" classname="accuWeatherTestHW3.AccuWeatherTest" time="3.07"/>
  <testcase name="t15DaysOfDailyForecastsTest" classname="accuWeatherTestHW3.AccuWeatherTest" time="0.248">
    <failure message="1 expectation failed.&#10;Expected status code &lt;200&gt; but was &lt;401&gt;.&#10;" type="java.lang.AssertionError"><![CDATA[java.lang.AssertionError: 
1 expectation failed.
Expected status code <200> but was <401>.

	at accuWeatherTestHW3.AccuWeatherTest.t15DaysOfDailyForecastsTest(AccuWeatherTest.java:81)
]]></failure>
    <system-out><![CDATA[Request method:	GET
Request URI:	http://dataservice.accuweather.com/forecasts/v1/daily/15day/155?apikey=swuAQllY2XEaG1Q9bp9OTLjboOz0GXbR
Proxy:			<none>
Request params:	<none>
Query params:	<none>
Form params:	<none>
Path params:	<none>
Headers:		Accept=*/*
Cookies:		<none>
Multiparts:		<none>
Body:			<none>

HTTP/1.1 401 Unauthorized
Date: Mon, 30 Oct 2023 11:51:23 GMT
Content-Type: application/json
Content-Length: 144
Connection: keep-alive

{
    "Code": "Unauthorized",
    "Message": "Api Authorization failed",
    "Reference": "/forecasts/v1/daily/15day/155?apikey=swuAQllY2XEaG1Q9bp9OTLjboOz0GXbR"
}
]]></system-out>
  </testcase>
  <testcase name="tAutocompleteSearchTest" classname="accuWeatherTestHW3.AccuWeatherTest" time="2.06"/>
  <testcase name="tPostalCodeSearchTest" classname="accuWeatherTestHW3.AccuWeatherTest" time="0.411"/>
  <testcase name="tRegionListTest" classname="accuWeatherTestHW3.AccuWeatherTest" time="0.259"/>
  <testcase name="t10DaysOfDailyForecastsTest" classname="accuWeatherTestHW3.AccuWeatherTest" time="0.238">
    <failure message="1 expectation failed.&#10;Expected status code &lt;200&gt; but was &lt;401&gt;.&#10;" type="java.lang.AssertionError"><![CDATA[java.lang.AssertionError: 
1 expectation failed.
Expected status code <200> but was <401>.

	at accuWeatherTestHW3.AccuWeatherTest.t10DaysOfDailyForecastsTest(AccuWeatherTest.java:70)
]]></failure>
    <system-out><![CDATA[Request method:	GET
Request URI:	http://dataservice.accuweather.com/forecasts/v1/daily/10day/155?apikey=swuAQllY2XEaG1Q9bp9OTLjboOz0GXbR
Proxy:			<none>
Request params:	<none>
Query params:	<none>
Form params:	<none>
Path params:	<none>
Headers:		Accept=*/*
Cookies:		<none>
Multiparts:		<none>
Body:			<none>

HTTP/1.1 401 Unauthorized
Date: Mon, 30 Oct 2023 11:51:26 GMT
Content-Type: application/json
Content-Length: 144
Connection: keep-alive

{
    "Code": "Unauthorized",
    "Message": "Api Authorization failed",
    "Reference": "/forecasts/v1/daily/10day/155?apikey=swuAQllY2XEaG1Q9bp9OTLjboOz0GXbR"
}
]]></system-out>
  </testcase>
  <testcase name="t1HourOfHourlyForecastsTest" classname="accuWeatherTestHW3.AccuWeatherTest" time="0.274">
    <failure message="1 expectation failed.&#10;JSON path [0].Link doesn&apos;t match.&#10;Expected: http://www.accuweather.com/en/fr/barfleur/155/hourly-weather-forecast/155?day=1&amp;hbhhour=15&amp;lang=en-us&#10;  Actual: http://www.accuweather.com/en/fr/barfleur/155/hourly-weather-forecast/155?day=1&amp;hbhhour=13&amp;lang=en-us&#10;" type="java.lang.AssertionError"><![CDATA[java.lang.AssertionError: 
1 expectation failed.
JSON path [0].Link doesn't match.
Expected: http://www.accuweather.com/en/fr/barfleur/155/hourly-weather-forecast/155?day=1&hbhhour=15&lang=en-us
  Actual: http://www.accuweather.com/en/fr/barfleur/155/hourly-weather-forecast/155?day=1&hbhhour=13&lang=en-us

	at accuWeatherTestHW3.AccuWeatherTest.t1HourOfHourlyForecastsTest(AccuWeatherTest.java:35)
]]></failure>
    <system-out><![CDATA[Request method:	GET
Request URI:	http://dataservice.accuweather.com/forecasts/v1/hourly/1hour/155?apikey=swuAQllY2XEaG1Q9bp9OTLjboOz0GXbR
Proxy:			<none>
Request params:	<none>
Query params:	<none>
Form params:	<none>
Path params:	<none>
Headers:		Accept=*/*
Cookies:		<none>
Multiparts:		<none>
Body:			<none>

HTTP/1.1 200 OK
Date: Mon, 30 Oct 2023 11:51:26 GMT
Content-Type: application/json; charset=utf-8
Transfer-Encoding: chunked
Connection: keep-alive
Content-Encoding: gzip
Vary: Accept-Encoding
Request-Context: appId=cid-v1:ea11c69b-764f-4610-b1e2-0faa867e8fb2
RateLimit-Limit: 50
RateLimit-Remaining: 40
am: true
Access-Control-Allow-Origin: *
Access-Control-Allow-Credentials: true
Access-Control-Allow-Methods: GET, PUT, POST, DELETE
Access-Control-Allow-Headers: origin, x-requested-with, accept
Access-Control-Max-Age: 3628800
Cache-Control: public, max-age=894
Expires: Mon, 30 Oct 2023 12:06:20 GMT
Akamai-GRN: 0.139eca17.1698666686.c43856a
Accept: */*
Accept-Encoding: gzip
Accept-Encoding: deflate
Host: api.accuweather.com
User-Agent: Apache-HttpClient/4.5.13 (Java/19.0.2)
X-Forwarded-For: 78.81.160.250
X-Forwarded-Port: 80
X-Forwarded-Proto: http

[
    {
        "DateTime": "2023-10-30T13:00:00+01:00",
        "EpochDateTime": 1698667200,
        "WeatherIcon": 12,
        "IconPhrase": "Showers",
        "HasPrecipitation": true,
        "PrecipitationType": "Rain",
        "PrecipitationIntensity": "Light",
        "IsDaylight": true,
        "Temperature": {
            "Value": 56.0,
            "Unit": "F",
            "UnitType": 18
        },
        "PrecipitationProbability": 55,
        "MobileLink": "http://www.accuweather.com/en/fr/barfleur/155/hourly-weather-forecast/155?day=1&hbhhour=13&lang=en-us",
        "Link": "http://www.accuweather.com/en/fr/barfleur/155/hourly-weather-forecast/155?day=1&hbhhour=13&lang=en-us"
    }
]
]]></system-out>
  </testcase>
  <testcase name="tCitySearchKaliningradTest" classname="accuWeatherTestHW3.AccuWeatherTest" time="0.255"/>
</testsuite>